[debug] [2025-07-11T07:15:39.988Z] ----------------------------------------------------------------------
[debug] [2025-07-11T07:15:39.991Z] Command:       C:\Program Files\nodejs\node.exe C:\Users\balje\AppData\Roaming\npm\node_modules\firebase-tools\lib\bin\firebase.js init
[debug] [2025-07-11T07:15:39.991Z] CLI Version:   14.10.1
[debug] [2025-07-11T07:15:39.991Z] Platform:      win32
[debug] [2025-07-11T07:15:39.992Z] Node Version:  v23.9.0
[debug] [2025-07-11T07:15:39.992Z] Time:          Fri Jul 11 2025 12:45:39 GMT+0530 (India Standard Time)
[debug] [2025-07-11T07:15:39.992Z] ----------------------------------------------------------------------
[debug] 
[debug] [2025-07-11T07:15:39.998Z] > command requires scopes: ["email","openid","https://www.googleapis.com/auth/cloudplatformprojects.readonly","https://www.googleapis.com/auth/firebase","https://www.googleapis.com/auth/cloud-platform"]
[debug] [2025-07-11T07:15:39.999Z] > authorizing via signed-in user (baljeetsaini7440@gmail.com)
[info] 
     ######## #### ########  ######## ########     ###     ######  ########
     ##        ##  ##     ## ##       ##     ##  ##   ##  ##       ##
     ######    ##  ########  ######   ########  #########  ######  ######
     ##        ##  ##    ##  ##       ##     ## ##     ##       ## ##
     ##       #### ##     ## ######## ########  ##     ##  ######  ########

You're about to initialize a Firebase project in this directory:

  C:\Users\balje\OneDrive\Desktop\Live on GitHub\E-commerce Frontend

[info] 
=== Project Setup
[info] 
[info] First, let's associate this project directory with a Firebase project.
[info] You can create multiple project aliases by running firebase use --add, 
[info] but for now we'll just set up a default project.
[info] 
[info] i  If you want to create a project in a Google Cloud organization or folder, please use "firebase projects:create" instead, and return to this command when you've created the project. 
